21: Continue your annotations, continue your questionings. 
20: Eleves, I salute you! come forward! 
19: 
18: The blossoms we wear in our hats the growth of thousands of years. 
17: Our swift ordinances on their way over the whole earth, 
16: Inland and sea-coast we go, and pass all boundary lines, 
15: I troop forth replenish’d with supreme power, one of an average unending procession, 
14: 
13: Corpses rise, gashes heal, fastenings roll from me. 
12: The grave of rock multiplies what has been confided to it, or to any graves, 
11: I resume the overstaid fraction, 
10: I remember now, 
9: 
8: That I could look with a separate look on my own crucifixion and bloody crowning. 
7: That I could forget the trickling tears and the blows of the bludgeons and hammers! 
6: That I could forget the mockers and insults! 
5: 
4: I discover myself on the verge of a usual mistake. 
3: Give me a little time beyond my cuff’d head, slumbers, dreams, gaping, 
2: Somehow I have been stunn’d. Stand back! 
1: Enough! enough! enough! 
